[26-Mar-2025 07:55:25 Europe/Berlin] PHP Warning:  include_once(../includes/config/config.php): Failed to open stream: No such file or directory in C:\xampp\htdocs\NewNavsClub-GIF\NavsClubGiF-1\ADMIN\CreateCourse.php on line 7
[26-Mar-2025 07:55:25 Europe/Berlin] PHP Warning:  include_once(): Failed opening '../includes/config/config.php' for inclusion (include_path='C:\xampp\php\PEAR') in C:\xampp\htdocs\NewNavsClub-GIF\NavsClubGiF-1\ADMIN\CreateCourse.php on line 7
[26-Mar-2025 07:55:25 Europe/Berlin] PHP Warning:  include_once(../includes/config/createcourse_function.php): Failed to open stream: No such file or directory in C:\xampp\htdocs\NewNavsClub-GIF\NavsClubGiF-1\ADMIN\CreateCourse.php on line 8
[26-Mar-2025 07:55:25 Europe/Berlin] PHP Warning:  include_once(): Failed opening '../includes/config/createcourse_function.php' for inclusion (include_path='C:\xampp\php\PEAR') in C:\xampp\htdocs\NewNavsClub-GIF\NavsClubGiF-1\ADMIN\CreateCourse.php on line 8
[26-Mar-2025 07:55:25 Europe/Berlin] PHP Fatal error:  Uncaught Error: Call to undefined function fetchCourses() in C:\xampp\htdocs\NewNavsClub-GIF\NavsClubGiF-1\ADMIN\CreateCourse.php:21
Stack trace:
#0 {main}
  thrown in C:\xampp\htdocs\NewNavsClub-GIF\NavsClubGiF-1\ADMIN\CreateCourse.php on line 21
[26-Mar-2025 07:56:31 Europe/Berlin] PHP Warning:  include_once(config.php): Failed to open stream: No such file or directory in C:\xampp\htdocs\NewNavsClub-GIF\NavsClubGiF-1\ADMIN\CreateCourseFunction.php on line 2
[26-Mar-2025 07:56:31 Europe/Berlin] PHP Warning:  include_once(): Failed opening 'config.php' for inclusion (include_path='C:\xampp\php\PEAR') in C:\xampp\htdocs\NewNavsClub-GIF\NavsClubGiF-1\ADMIN\CreateCourseFunction.php on line 2
[26-Mar-2025 07:56:31 Europe/Berlin] PHP Fatal error:  Uncaught Error: Call to undefined function fetchCourses() in C:\xampp\htdocs\NewNavsClub-GIF\NavsClubGiF-1\ADMIN\CreateCourse.php:21
Stack trace:
#0 {main}
  thrown in C:\xampp\htdocs\NewNavsClub-GIF\NavsClubGiF-1\ADMIN\CreateCourse.php on line 21
[26-Mar-2025 07:57:34 Europe/Berlin] PHP Warning:  include_once(config.php): Failed to open stream: No such file or directory in C:\xampp\htdocs\NewNavsClub-GIF\NavsClubGiF-1\ADMIN\CreateCourseFunction.php on line 2
[26-Mar-2025 07:57:34 Europe/Berlin] PHP Warning:  include_once(): Failed opening 'config.php' for inclusion (include_path='C:\xampp\php\PEAR') in C:\xampp\htdocs\NewNavsClub-GIF\NavsClubGiF-1\ADMIN\CreateCourseFunction.php on line 2
[26-Mar-2025 07:57:34 Europe/Berlin] PHP Fatal error:  Uncaught Error: Call to undefined function fetchCourseLevels() in C:\xampp\htdocs\NewNavsClub-GIF\NavsClubGiF-1\ADMIN\CreateCourse.php:99
Stack trace:
#0 {main}
  thrown in C:\xampp\htdocs\NewNavsClub-GIF\NavsClubGiF-1\ADMIN\CreateCourse.php on line 99
[26-Mar-2025 07:57:46 Europe/Berlin] PHP Warning:  include_once(config.php): Failed to open stream: No such file or directory in C:\xampp\htdocs\NewNavsClub-GIF\NavsClubGiF-1\ADMIN\CreateCourseFunction.php on line 2
[26-Mar-2025 07:57:46 Europe/Berlin] PHP Warning:  include_once(): Failed opening 'config.php' for inclusion (include_path='C:\xampp\php\PEAR') in C:\xampp\htdocs\NewNavsClub-GIF\NavsClubGiF-1\ADMIN\CreateCourseFunction.php on line 2
[26-Mar-2025 07:57:46 Europe/Berlin] PHP Fatal error:  Uncaught Error: Call to undefined function fetchCourseLevels() in C:\xampp\htdocs\NewNavsClub-GIF\NavsClubGiF-1\ADMIN\CreateCourse.php:99
Stack trace:
#0 {main}
  thrown in C:\xampp\htdocs\NewNavsClub-GIF\NavsClubGiF-1\ADMIN\CreateCourse.php on line 99
[26-Mar-2025 07:58:30 Europe/Berlin] PHP Fatal error:  Uncaught Error: Call to undefined function fetchCourseLevels() in C:\xampp\htdocs\NewNavsClub-GIF\NavsClubGiF-1\ADMIN\CreateCourse.php:99
Stack trace:
#0 {main}
  thrown in C:\xampp\htdocs\NewNavsClub-GIF\NavsClubGiF-1\ADMIN\CreateCourse.php on line 99
[26-Mar-2025 07:58:53 Europe/Berlin] PHP Fatal error:  Uncaught Error: Call to undefined function fetchCourseLevels() in C:\xampp\htdocs\NewNavsClub-GIF\NavsClubGiF-1\ADMIN\CreateCourse.php:99
Stack trace:
#0 {main}
  thrown in C:\xampp\htdocs\NewNavsClub-GIF\NavsClubGiF-1\ADMIN\CreateCourse.php on line 99
[26-Mar-2025 07:58:54 Europe/Berlin] PHP Fatal error:  Uncaught Error: Call to undefined function fetchCourseLevels() in C:\xampp\htdocs\NewNavsClub-GIF\NavsClubGiF-1\ADMIN\CreateCourse.php:99
Stack trace:
#0 {main}
  thrown in C:\xampp\htdocs\NewNavsClub-GIF\NavsClubGiF-1\ADMIN\CreateCourse.php on line 99
[26-Mar-2025 07:58:54 Europe/Berlin] PHP Fatal error:  Uncaught Error: Call to undefined function fetchCourseLevels() in C:\xampp\htdocs\NewNavsClub-GIF\NavsClubGiF-1\ADMIN\CreateCourse.php:99
Stack trace:
#0 {main}
  thrown in C:\xampp\htdocs\NewNavsClub-GIF\NavsClubGiF-1\ADMIN\CreateCourse.php on line 99
[26-Mar-2025 07:58:54 Europe/Berlin] PHP Fatal error:  Uncaught Error: Call to undefined function fetchCourseLevels() in C:\xampp\htdocs\NewNavsClub-GIF\NavsClubGiF-1\ADMIN\CreateCourse.php:99
Stack trace:
#0 {main}
  thrown in C:\xampp\htdocs\NewNavsClub-GIF\NavsClubGiF-1\ADMIN\CreateCourse.php on line 99
[26-Mar-2025 07:58:54 Europe/Berlin] PHP Fatal error:  Uncaught Error: Call to undefined function fetchCourseLevels() in C:\xampp\htdocs\NewNavsClub-GIF\NavsClubGiF-1\ADMIN\CreateCourse.php:99
Stack trace:
#0 {main}
  thrown in C:\xampp\htdocs\NewNavsClub-GIF\NavsClubGiF-1\ADMIN\CreateCourse.php on line 99
[26-Mar-2025 08:02:17 Europe/Berlin] PHP Fatal error:  Uncaught Error: Call to undefined function fetchCourseLevels() in C:\xampp\htdocs\NewNavsClub-GIF\NavsClubGiF-1\ADMIN\CreateCourse.php:99
Stack trace:
#0 {main}
  thrown in C:\xampp\htdocs\NewNavsClub-GIF\NavsClubGiF-1\ADMIN\CreateCourse.php on line 99
[26-Mar-2025 08:02:58 Europe/Berlin] PHP Fatal error:  Uncaught Error: Call to undefined function fetchCourseLevels() in C:\xampp\htdocs\NewNavsClub-GIF\NavsClubGiF-1\ADMIN\CreateCourse.php:99
Stack trace:
#0 {main}
  thrown in C:\xampp\htdocs\NewNavsClub-GIF\NavsClubGiF-1\ADMIN\CreateCourse.php on line 99
[26-Mar-2025 08:02:58 Europe/Berlin] PHP Fatal error:  Uncaught Error: Call to undefined function fetchCourseLevels() in C:\xampp\htdocs\NewNavsClub-GIF\NavsClubGiF-1\ADMIN\CreateCourse.php:99
Stack trace:
#0 {main}
  thrown in C:\xampp\htdocs\NewNavsClub-GIF\NavsClubGiF-1\ADMIN\CreateCourse.php on line 99
[26-Mar-2025 08:03:45 Europe/Berlin] PHP Fatal error:  Uncaught Error: Call to undefined function fetchCourseLevels() in C:\xampp\htdocs\NewNavsClub-GIF\NavsClubGiF-1\ADMIN\CreateCourse.php:99
Stack trace:
#0 {main}
  thrown in C:\xampp\htdocs\NewNavsClub-GIF\NavsClubGiF-1\ADMIN\CreateCourse.php on line 99
[26-Mar-2025 08:14:52 Europe/Berlin] PHP Fatal error:  Uncaught Error: Call to undefined function fetchCourses() in C:\xampp\htdocs\NewNavsClub-GIF\NavsClubGiF-1\ADMIN\CreateCourse.php:23
Stack trace:
#0 {main}
  thrown in C:\xampp\htdocs\NewNavsClub-GIF\NavsClubGiF-1\ADMIN\CreateCourse.php on line 23
[26-Mar-2025 08:15:37 Europe/Berlin] PHP Fatal error:  Uncaught Error: Call to undefined function fetchCourses() in C:\xampp\htdocs\NewNavsClub-GIF\NavsClubGiF-1\ADMIN\CreateCourse.php:23
Stack trace:
#0 {main}
  thrown in C:\xampp\htdocs\NewNavsClub-GIF\NavsClubGiF-1\ADMIN\CreateCourse.php on line 23
[26-Mar-2025 08:15:52 Europe/Berlin] PHP Fatal error:  Uncaught Error: Call to undefined function fetchCourses() in C:\xampp\htdocs\NewNavsClub-GIF\NavsClubGiF-1\ADMIN\CreateCourse.php:23
Stack trace:
#0 {main}
  thrown in C:\xampp\htdocs\NewNavsClub-GIF\NavsClubGiF-1\ADMIN\CreateCourse.php on line 23
[26-Mar-2025 08:16:29 Europe/Berlin] PHP Fatal error:  Uncaught Error: Call to undefined function fetchCourses() in C:\xampp\htdocs\NewNavsClub-GIF\NavsClubGiF-1\ADMIN\CreateCourse.php:23
Stack trace:
#0 {main}
  thrown in C:\xampp\htdocs\NewNavsClub-GIF\NavsClubGiF-1\ADMIN\CreateCourse.php on line 23
[26-Mar-2025 08:36:47 Europe/Berlin] PHP Fatal error:  Uncaught Error: Call to undefined function fetchCourses() in C:\xampp\htdocs\NewNavsClub-GIF\NavsClubGiF-1\ADMIN\CreateCourse.php:23
Stack trace:
#0 {main}
  thrown in C:\xampp\htdocs\NewNavsClub-GIF\NavsClubGiF-1\ADMIN\CreateCourse.php on line 23
[26-Mar-2025 08:38:25 Europe/Berlin] PHP Fatal error:  Uncaught Error: Call to undefined function fetchCourses() in C:\xampp\htdocs\NewNavsClub-GIF\NavsClubGiF-1\ADMIN\CreateCourse.php:21
Stack trace:
#0 {main}
  thrown in C:\xampp\htdocs\NewNavsClub-GIF\NavsClubGiF-1\ADMIN\CreateCourse.php on line 21
[26-Mar-2025 08:38:50 Europe/Berlin] PHP Fatal error:  Uncaught Error: Call to undefined function fetchCourses() in C:\xampp\htdocs\NewNavsClub-GIF\NavsClubGiF-1\ADMIN\CreateCourse.php:21
Stack trace:
#0 {main}
  thrown in C:\xampp\htdocs\NewNavsClub-GIF\NavsClubGiF-1\ADMIN\CreateCourse.php on line 21
[26-Mar-2025 08:39:48 Europe/Berlin] PHP Fatal error:  Uncaught Error: Call to undefined function fetchCourses() in C:\xampp\htdocs\NewNavsClub-GIF\NavsClubGiF-1\ADMIN\CreateCourse.php:21
Stack trace:
#0 {main}
  thrown in C:\xampp\htdocs\NewNavsClub-GIF\NavsClubGiF-1\ADMIN\CreateCourse.php on line 21
[26-Mar-2025 08:41:12 Europe/Berlin] PHP Fatal error:  Uncaught Error: Call to undefined function fetchCourses() in C:\xampp\htdocs\NewNavsClub-GIF\NavsClubGiF-1\ADMIN\CreateCourse.php:21
Stack trace:
#0 {main}
  thrown in C:\xampp\htdocs\NewNavsClub-GIF\NavsClubGiF-1\ADMIN\CreateCourse.php on line 21
[26-Mar-2025 08:41:30 Europe/Berlin] PHP Fatal error:  Uncaught Error: Call to undefined function fetchCourses() in C:\xampp\htdocs\NewNavsClub-GIF\NavsClubGiF-1\ADMIN\CreateCourse.php:21
Stack trace:
#0 {main}
  thrown in C:\xampp\htdocs\NewNavsClub-GIF\NavsClubGiF-1\ADMIN\CreateCourse.php on line 21
[26-Mar-2025 08:41:38 Europe/Berlin] PHP Fatal error:  Uncaught Error: Call to undefined function fetchCourses() in C:\xampp\htdocs\NewNavsClub-GIF\NavsClubGiF-1\ADMIN\CreateCourse.php:21
Stack trace:
#0 {main}
  thrown in C:\xampp\htdocs\NewNavsClub-GIF\NavsClubGiF-1\ADMIN\CreateCourse.php on line 21
